<?xml version="1.0" encoding="UTF-8"?>
<testsuite xmlns:xsi="http://www.w3.org/2001/XMLSchema-instance" xsi:noNamespaceSchemaLocation="https://maven.apache.org/surefire/maven-surefire-plugin/xsd/surefire-test-report.xsd" name="com.oneentropy.mapper.JsonMapperApplicationTests" time="1.608" tests="3" errors="0" skipped="0" failures="0">
  <properties>
[...]
</properties>
  <testcase name="testDataMapping" classname="com.oneentropy.mapper.JsonMapperApplicationTests" time="0.343"/>
  <testcase name="testObjectNode" classname="com.oneentropy.mapper.JsonMapperApplicationTests" time="0.033"/>
  <testcase name="mappingConfDeserialization" classname="com.oneentropy.mapper.JsonMapperApplicationTests" time="0.001"/>
</testsuite>